<?xml version="1.0" encoding="UTF-8"?>
<testng-results ignored="0" total="1" passed="1" failed="0" skipped="0">
  <reporter-output>
  </reporter-output>
  <suite started-at="2025-11-21T03:12:34 IST" name="LoginSuite" finished-at="2025-11-21T03:12:40 IST" duration-ms="6524">
    <groups>
    </groups>
    <test started-at="2025-11-21T03:12:34 IST" name="LoginTests" finished-at="2025-11-21T03:12:40 IST" duration-ms="6524">
      <class name="tests.LoginTest">
        <test-method is-config="true" signature="setUp()[pri:0, instance:tests.LoginTest@7880cdf3]" started-at="2025-11-21T03:12:34 IST" name="setUp" finished-at="2025-11-21T03:12:40 IST" duration-ms="6119" status="PASS">
          <reporter-output>
          </reporter-output>
        </test-method> <!-- setUp -->
        <test-method signature="testValidLogin()[pri:0, instance:tests.LoginTest@7880cdf3]" started-at="2025-11-21T03:12:40 IST" name="testValidLogin" finished-at="2025-11-21T03:12:40 IST" duration-ms="382" status="PASS">
          <reporter-output>
          </reporter-output>
        </test-method> <!-- testValidLogin -->
        <test-method is-config="true" signature="tearDown()[pri:0, instance:tests.LoginTest@7880cdf3]" started-at="2025-11-21T03:12:40 IST" name="tearDown" finished-at="2025-11-21T03:12:40 IST" duration-ms="1" status="PASS">
          <reporter-output>
          </reporter-output>
        </test-method> <!-- tearDown -->
      </class> <!-- tests.LoginTest -->
    </test> <!-- LoginTests -->
  </suite> <!-- LoginSuite -->
</testng-results>
